This is e-pTeX, Version 3.14159265-p3.7.1-161114-2.6 (sjis) (TeX Live 2017/W32TeX) (preloaded format=platex 2018.1.20)  3 JAN 2019 15:47
entering extended mode
 restricted \write18 enabled.
 %&-line parsing enabled.
**sample-utf8.tex
(c:/texlive/2017/texmf-dist/tex/latex/tools/q.tex
pLaTeX2e <2017/10/28>+3 (based on LaTeX2e <2017-04-15>)
Babel <3.16> and hyphenation patterns for 84 language(s) loaded.
File ignored
)
! Emergency stop.
<*> sample-utf8.tex
                   
*** (job aborted, no legal \end found)

 
Here is how much of TeX's memory you used:
 6 strings out of 493638
 156 string characters out of 6151701
 54555 words of memory out of 5000000
 3705 multiletter control sequences out of 15000+600000
 7511 words of font info for 31 fonts, out of 8000000 for 9000
 929 hyphenation exceptions out of 8191
 5i,0n,3p,95b,8s stack positions out of 5000i,500n,10000p,200000b,80000s
No pages of output.
